<?xml version="1.0" encoding="UTF-8"?>
<!-- Generated by org.testng.reporters.JUnitXMLReporter -->
<testsuite ignored="0" hostname="LAPTOP-199US5OP" failures="0" tests="1" name="chromeTest" time="0.064" errors="0" timestamp="2022-11-01T15:35:52 IST">
  <testcase classname="com.flipkart.testing.Login" name="@BeforeMethod setup" time="-1.667297152151E9">
    <failure type="org.testng.TestNGException" message="
Can inject only one of &amp;lt;ITestContext, XmlTest, Method, Object[], ITestResult&amp;gt; into a @BeforeMethod annotated setup.
For more information on native dependency injection please refer to https://testng.org/doc/documentation-main.html#native-dependency-injection">
      <![CDATA[org.testng.TestNGException: 
Can inject only one of <ITestContext, XmlTest, Method, Object[], ITestResult> into a @BeforeMethod annotated setup.
For more information on native dependency injection please refer to https://testng.org/doc/documentation-main.html#native-dependency-injection
at java.base/java.util.ArrayList.forEach(ArrayList.java:1511)
... Removed 28 stack frames]]>
    </failure>
  </testcase> <!-- @BeforeMethod setup -->
  <testcase classname="com.flipkart.testing.Login" name="@AfterTest close" time="-1.667297152171E9">
    <skipped/>
  </testcase> <!-- @AfterTest close -->
  <testcase classname="com.flipkart.testing.Login" name="loginvalue" time="0.0">
    <skipped/>
  </testcase> <!-- loginvalue -->
</testsuite> <!-- chromeTest -->
