<?xml version="1.0" encoding="UTF-8"?>
<testng-results ignored="0" total="1" passed="1" failed="0" skipped="0">
  <reporter-output>
  </reporter-output>
  <suite started-at="2023-03-10T04:21:34 IST" name="Default suite" finished-at="2023-03-10T04:21:40 IST" duration-ms="5798">
    <groups>
    </groups>
    <test started-at="2023-03-10T04:21:34 IST" name="Default test" finished-at="2023-03-10T04:21:40 IST" duration-ms="5798">
      <class name="com.flipkart.testing.Login">
        <test-method signature="homePage()[pri:0, instance:com.flipkart.testing.Login@3059cbc]" started-at="2023-03-10T04:21:35 IST" name="homePage" finished-at="2023-03-10T04:21:40 IST" duration-ms="5732" status="PASS">
          <reporter-output>
          </reporter-output>
        </test-method> <!-- homePage -->
      </class> <!-- com.flipkart.testing.Login -->
    </test> <!-- Default test -->
  </suite> <!-- Default suite -->
</testng-results>
